<?xml version="1.0" encoding="UTF-8"?>
<!-- Generated by org.testng.reporters.JUnitXMLReporter -->
<testsuite ignored="0" hostname="Jose" failures="2" tests="4" name="EdgeTest" time="81.013" errors="0" timestamp="2022-07-14T15:40:24 IST">
  <testcase classname="com.mobileTest.LoginTest" name="validateURL" time="0.042"/>
  <testcase classname="com.mobileTest.LoginTest" name="validateareUsernameAndPasswordFieldsDisplayed" time="1.01"/>
  <testcase classname="com.mobileTest.LoginTest" name="validateValidLogin" time="12.246">
    <failure type="org.openqa.selenium.NoSuchWindowException" message="no such window: target window already closed
from unknown error: web view not found
  (Session info: MicrosoftEdge=103.0.1264.44)
Build info: version: &amp;apos;4.1.4&amp;apos;, revision: &amp;apos;535d840ee2&amp;apos;
System info: host: &amp;apos;JOSE&amp;apos;, ip: &amp;apos;192.168.50.164&amp;apos;, os.name: &amp;apos;Windows 10&amp;apos;, os.arch: &amp;apos;amd64&amp;apos;, os.version: &amp;apos;10.0&amp;apos;, java.version: &amp;apos;17.0.2&amp;apos;
Driver info: org.openqa.selenium.edge.EdgeDriver
Command: [989e14d845661d32281110302306f913, findElement {using=xpath, value=//p[contains(.,&amp;apos;Logged In Successfully&amp;apos;)]}]
Capabilities {acceptInsecureCerts: false, browserName: msedge, browserVersion: 103.0.1264.44, javascriptEnabled: true, ms:edgeOptions: {debuggerAddress: localhost:58718}, msedge: {msedgedriverVersion: 103.0.1264.49 (abaa9303c229..., userDataDir: C:\Users\Jose.T\AppData\Loc...}, networkConnectionEnabled: false, pageLoadStrategy: normal, platform: WINDOWS, platformName: WINDOWS, proxy: Proxy(), se:cdp: ws://localhost:58718/devtoo..., se:cdpVersion: 103.0.1264.44, setWindowRect: true, strictFileInteractability: false, timeouts: {implicit: 0, pageLoad: 300000, script: 30000}, unhandledPromptBehavior: dismiss and notify, webauthn:extension:credBlob: true, webauthn:extension:largeBlob: true, webauthn:virtualAuthenticators: true}
Session ID: 989e14d845661d32281110302306f913">
      <![CDATA[org.openqa.selenium.NoSuchWindowException: no such window: target window already closed
from unknown error: web view not found
  (Session info: MicrosoftEdge=103.0.1264.44)
Build info: version: '4.1.4', revision: '535d840ee2'
System info: host: 'JOSE', ip: '192.168.50.164', os.name: 'Windows 10', os.arch: 'amd64', os.version: '10.0', java.version: '17.0.2'
Driver info: org.openqa.selenium.edge.EdgeDriver
Command: [989e14d845661d32281110302306f913, findElement {using=xpath, value=//p[contains(.,'Logged In Successfully')]}]
Capabilities {acceptInsecureCerts: false, browserName: msedge, browserVersion: 103.0.1264.44, javascriptEnabled: true, ms:edgeOptions: {debuggerAddress: localhost:58718}, msedge: {msedgedriverVersion: 103.0.1264.49 (abaa9303c229..., userDataDir: C:\Users\Jose.T\AppData\Loc...}, networkConnectionEnabled: false, pageLoadStrategy: normal, platform: WINDOWS, platformName: WINDOWS, proxy: Proxy(), se:cdp: ws://localhost:58718/devtoo..., se:cdpVersion: 103.0.1264.44, setWindowRect: true, strictFileInteractability: false, timeouts: {implicit: 0, pageLoad: 300000, script: 30000}, unhandledPromptBehavior: dismiss and notify, webauthn:extension:credBlob: true, webauthn:extension:largeBlob: true, webauthn:virtualAuthenticators: true}
Session ID: 989e14d845661d32281110302306f913
at org.openqa.selenium.remote.codec.w3c.W3CHttpResponseCodec.createException(W3CHttpResponseCodec.java:200)
at org.openqa.selenium.remote.codec.w3c.W3CHttpResponseCodec.decode(W3CHttpResponseCodec.java:133)
at org.openqa.selenium.remote.codec.w3c.W3CHttpResponseCodec.decode(W3CHttpResponseCodec.java:53)
at org.openqa.selenium.remote.HttpCommandExecutor.execute(HttpCommandExecutor.java:184)
at org.openqa.selenium.remote.service.DriverCommandExecutor.invokeExecute(DriverCommandExecutor.java:167)
at org.openqa.selenium.remote.service.DriverCommandExecutor.execute(DriverCommandExecutor.java:142)
at org.openqa.selenium.remote.RemoteWebDriver.execute(RemoteWebDriver.java:567)
at org.openqa.selenium.remote.ElementLocation$ElementFinder$2.findElement(ElementLocation.java:162)
at org.openqa.selenium.remote.ElementLocation.findElement(ElementLocation.java:60)
at org.openqa.selenium.remote.RemoteWebDriver.findElement(RemoteWebDriver.java:385)
at org.openqa.selenium.remote.RemoteWebDriver.findElement(RemoteWebDriver.java:377)
at org.openqa.selenium.support.pagefactory.DefaultElementLocator.findElement(DefaultElementLocator.java:70)
at org.openqa.selenium.support.pagefactory.internal.LocatingElementHandler.invoke(LocatingElementHandler.java:39)
at jdk.proxy2/jdk.proxy2.$Proxy19.isDisplayed(Unknown Source)
at com.mobileService.LoginPage.isLogSuccessMessageDispalyed(LoginPage.java:93)
at com.mobileTest.LoginTest.validateValidLogin(LoginTest.java:76)
at java.base/java.util.ArrayList.forEach(ArrayList.java:1511)
at java.base/java.util.concurrent.FutureTask.run(FutureTask.java:264)
at java.base/java.util.concurrent.ThreadPoolExecutor.runWorker(ThreadPoolExecutor.java:1136)
at java.base/java.util.concurrent.ThreadPoolExecutor$Worker.run(ThreadPoolExecutor.java:635)
at java.base/java.lang.Thread.run(Thread.java:833)
... Removed 23 stack frames]]>
    </failure>
  </testcase> <!-- validateValidLogin -->
  <testcase classname="com.mobileTest.LoginTest" name="validateValidLogin" time="28.325">
    <failure type="org.openqa.selenium.NoSuchWindowException" message="no such window: target window already closed
from unknown error: web view not found
  (Session info: MicrosoftEdge=103.0.1264.44)
Build info: version: &amp;apos;4.1.4&amp;apos;, revision: &amp;apos;535d840ee2&amp;apos;
System info: host: &amp;apos;JOSE&amp;apos;, ip: &amp;apos;192.168.50.164&amp;apos;, os.name: &amp;apos;Windows 10&amp;apos;, os.arch: &amp;apos;amd64&amp;apos;, os.version: &amp;apos;10.0&amp;apos;, java.version: &amp;apos;17.0.2&amp;apos;
Driver info: org.openqa.selenium.edge.EdgeDriver
Command: [989e14d845661d32281110302306f913, screenshot {}]
Capabilities {acceptInsecureCerts: false, browserName: msedge, browserVersion: 103.0.1264.44, javascriptEnabled: true, ms:edgeOptions: {debuggerAddress: localhost:58718}, msedge: {msedgedriverVersion: 103.0.1264.49 (abaa9303c229..., userDataDir: C:\Users\Jose.T\AppData\Loc...}, networkConnectionEnabled: false, pageLoadStrategy: normal, platform: WINDOWS, platformName: WINDOWS, proxy: Proxy(), se:cdp: ws://localhost:58718/devtoo..., se:cdpVersion: 103.0.1264.44, setWindowRect: true, strictFileInteractability: false, timeouts: {implicit: 0, pageLoad: 300000, script: 30000}, unhandledPromptBehavior: dismiss and notify, webauthn:extension:credBlob: true, webauthn:extension:largeBlob: true, webauthn:virtualAuthenticators: true}
Session ID: 989e14d845661d32281110302306f913">
      <![CDATA[org.openqa.selenium.NoSuchWindowException: no such window: target window already closed
from unknown error: web view not found
  (Session info: MicrosoftEdge=103.0.1264.44)
Build info: version: '4.1.4', revision: '535d840ee2'
System info: host: 'JOSE', ip: '192.168.50.164', os.name: 'Windows 10', os.arch: 'amd64', os.version: '10.0', java.version: '17.0.2'
Driver info: org.openqa.selenium.edge.EdgeDriver
Command: [989e14d845661d32281110302306f913, screenshot {}]
Capabilities {acceptInsecureCerts: false, browserName: msedge, browserVersion: 103.0.1264.44, javascriptEnabled: true, ms:edgeOptions: {debuggerAddress: localhost:58718}, msedge: {msedgedriverVersion: 103.0.1264.49 (abaa9303c229..., userDataDir: C:\Users\Jose.T\AppData\Loc...}, networkConnectionEnabled: false, pageLoadStrategy: normal, platform: WINDOWS, platformName: WINDOWS, proxy: Proxy(), se:cdp: ws://localhost:58718/devtoo..., se:cdpVersion: 103.0.1264.44, setWindowRect: true, strictFileInteractability: false, timeouts: {implicit: 0, pageLoad: 300000, script: 30000}, unhandledPromptBehavior: dismiss and notify, webauthn:extension:credBlob: true, webauthn:extension:largeBlob: true, webauthn:virtualAuthenticators: true}
Session ID: 989e14d845661d32281110302306f913
at org.openqa.selenium.remote.codec.w3c.W3CHttpResponseCodec.createException(W3CHttpResponseCodec.java:200)
at org.openqa.selenium.remote.codec.w3c.W3CHttpResponseCodec.decode(W3CHttpResponseCodec.java:133)
at org.openqa.selenium.remote.codec.w3c.W3CHttpResponseCodec.decode(W3CHttpResponseCodec.java:53)
at org.openqa.selenium.remote.HttpCommandExecutor.execute(HttpCommandExecutor.java:184)
at org.openqa.selenium.remote.service.DriverCommandExecutor.invokeExecute(DriverCommandExecutor.java:167)
at org.openqa.selenium.remote.service.DriverCommandExecutor.execute(DriverCommandExecutor.java:142)
at org.openqa.selenium.remote.RemoteWebDriver.execute(RemoteWebDriver.java:567)
at org.openqa.selenium.remote.RemoteWebDriver.execute(RemoteWebDriver.java:622)
at org.openqa.selenium.remote.RemoteWebDriver.execute(RemoteWebDriver.java:626)
at org.openqa.selenium.remote.RemoteWebDriver.getScreenshotAs(RemoteWebDriver.java:351)
at com.ilistener.TestListeners.onTestFailure(TestListeners.java:75)
at java.base/java.util.ArrayList.forEach(ArrayList.java:1511)
at java.base/java.util.concurrent.FutureTask.run(FutureTask.java:264)
at java.base/java.util.concurrent.ThreadPoolExecutor.runWorker(ThreadPoolExecutor.java:1136)
at java.base/java.util.concurrent.ThreadPoolExecutor$Worker.run(ThreadPoolExecutor.java:635)
at java.base/java.lang.Thread.run(Thread.java:833)
... Removed 20 stack frames]]>
    </failure>
  </testcase> <!-- validateValidLogin -->
</testsuite> <!-- EdgeTest -->
