<?xml version="1.0" encoding="UTF-8"?>
<!-- Generated by org.testng.reporters.JUnitXMLReporter -->
<testsuite ignored="5" hostname="Jose" failures="1" tests="1" name="Mobile Sevice" time="35.848" errors="0" timestamp="2022-07-11T00:46:17 IST">
  <testcase classname="com.mobileTest.POSTest" name="validateProductAddedWithoutSelectclient" time="0.734">
    <failure type="org.openqa.selenium.ElementNotInteractableException" message="element not interactable
  (Session info: chrome=103.0.5060.114)
Build info: version: &amp;apos;4.1.4&amp;apos;, revision: &amp;apos;535d840ee2&amp;apos;
System info: host: &amp;apos;JOSE&amp;apos;, ip: &amp;apos;192.168.38.164&amp;apos;, os.name: &amp;apos;Windows 10&amp;apos;, os.arch: &amp;apos;amd64&amp;apos;, os.version: &amp;apos;10.0&amp;apos;, java.version: &amp;apos;17.0.2&amp;apos;
Driver info: org.openqa.selenium.chrome.ChromeDriver
Command: [9fb1a9da24d8d871217c41fa20604d68, clickElement {id=17dd4b74-81ab-4bb4-80f0-74e4f7acfd97}]
Capabilities {acceptInsecureCerts: false, browserName: chrome, browserVersion: 103.0.5060.114, chrome: {chromedriverVersion: 102.0.5005.61 (0e59bcc00cc4..., userDataDir: C:\Users\Jose.T\AppData\Loc...}, goog:chromeOptions: {debuggerAddress: localhost:55403}, javascriptEnabled: true, networkConnectionEnabled: false, pageLoadStrategy: normal, platform: WINDOWS, platformName: WINDOWS, proxy: Proxy(), se:cdp: ws://localhost:55403/devtoo..., se:cdpVersion: 103.0.5060.114, setWindowRect: true, strictFileInteractability: false, timeouts: {implicit: 0, pageLoad: 300000, script: 30000}, unhandledPromptBehavior: dismiss and notify, webauthn:extension:credBlob: true, webauthn:extension:largeBlob: true, webauthn:virtualAuthenticators: true}
Element: [[ChromeDriver: chrome on WINDOWS (9fb1a9da24d8d871217c41fa20604d68)] -&amp;gt; xpath: //body/div[12]/div/div/div[1]/div]
Session ID: 9fb1a9da24d8d871217c41fa20604d68">
      <![CDATA[org.openqa.selenium.ElementNotInteractableException: element not interactable
  (Session info: chrome=103.0.5060.114)
Build info: version: '4.1.4', revision: '535d840ee2'
System info: host: 'JOSE', ip: '192.168.38.164', os.name: 'Windows 10', os.arch: 'amd64', os.version: '10.0', java.version: '17.0.2'
Driver info: org.openqa.selenium.chrome.ChromeDriver
Command: [9fb1a9da24d8d871217c41fa20604d68, clickElement {id=17dd4b74-81ab-4bb4-80f0-74e4f7acfd97}]
Capabilities {acceptInsecureCerts: false, browserName: chrome, browserVersion: 103.0.5060.114, chrome: {chromedriverVersion: 102.0.5005.61 (0e59bcc00cc4..., userDataDir: C:\Users\Jose.T\AppData\Loc...}, goog:chromeOptions: {debuggerAddress: localhost:55403}, javascriptEnabled: true, networkConnectionEnabled: false, pageLoadStrategy: normal, platform: WINDOWS, platformName: WINDOWS, proxy: Proxy(), se:cdp: ws://localhost:55403/devtoo..., se:cdpVersion: 103.0.5060.114, setWindowRect: true, strictFileInteractability: false, timeouts: {implicit: 0, pageLoad: 300000, script: 30000}, unhandledPromptBehavior: dismiss and notify, webauthn:extension:credBlob: true, webauthn:extension:largeBlob: true, webauthn:virtualAuthenticators: true}
Element: [[ChromeDriver: chrome on WINDOWS (9fb1a9da24d8d871217c41fa20604d68)] -> xpath: //body/div[12]/div/div/div[1]/div]
Session ID: 9fb1a9da24d8d871217c41fa20604d68
at org.openqa.selenium.remote.codec.w3c.W3CHttpResponseCodec.createException(W3CHttpResponseCodec.java:200)
at org.openqa.selenium.remote.codec.w3c.W3CHttpResponseCodec.decode(W3CHttpResponseCodec.java:133)
at org.openqa.selenium.remote.codec.w3c.W3CHttpResponseCodec.decode(W3CHttpResponseCodec.java:53)
at org.openqa.selenium.remote.HttpCommandExecutor.execute(HttpCommandExecutor.java:184)
at org.openqa.selenium.remote.service.DriverCommandExecutor.invokeExecute(DriverCommandExecutor.java:167)
at org.openqa.selenium.remote.service.DriverCommandExecutor.execute(DriverCommandExecutor.java:142)
at org.openqa.selenium.remote.RemoteWebDriver.execute(RemoteWebDriver.java:567)
at org.openqa.selenium.remote.RemoteWebElement.execute(RemoteWebElement.java:251)
at org.openqa.selenium.remote.RemoteWebElement.click(RemoteWebElement.java:77)
at org.openqa.selenium.support.pagefactory.internal.LocatingElementHandler.invoke(LocatingElementHandler.java:52)
at jdk.proxy2/jdk.proxy2.$Proxy16.click(Unknown Source)
at com.mobileService.POSpage.purchaseAlertOkay(POSpage.java:113)
at com.mobileTest.POSTest.validateProductAddedWithoutSelectclient(POSTest.java:75)
at java.base/java.util.ArrayList.forEach(ArrayList.java:1511)
... Removed 36 stack frames]]>
    </failure>
  </testcase> <!-- validateProductAddedWithoutSelectclient -->
  <testcase classname="com.mobileTest.POSTest" name="validatePOSfeilds" time="0.0">
    <ignored/>
  </testcase> <!-- validatePOSfeilds -->
  <testcase classname="com.mobileTest.POSTest" name="validateSelectFeild" time="0.0">
    <ignored/>
  </testcase> <!-- validateSelectFeild -->
  <testcase classname="com.mobileTest.POSTest" name="validateProductAddeddisplayed" time="0.0">
    <ignored/>
  </testcase> <!-- validateProductAddeddisplayed -->
  <testcase classname="com.mobileTest.POSTest" name="validatePOSpurchase" time="0.0">
    <ignored/>
  </testcase> <!-- validatePOSpurchase -->
  <testcase classname="com.mobileTest.POSTest" name="validatePOSpurchaseClearSale" time="0.0">
    <ignored/>
  </testcase> <!-- validatePOSpurchaseClearSale -->
</testsuite> <!-- Mobile Sevice -->
