<?xml version="1.0" encoding="UTF-8"?>
<!-- Generated by org.testng.reporters.JUnitXMLReporter -->
<testsuite ignored="25" hostname="Jose" failures="1" tests="4" name="Mobile Sevice" time="33.528" errors="0" timestamp="2022-07-13T15:32:02 IST">
  <testcase classname="com.mobileTest.ClientTest" name="validateClientSerchResult" time="0.075">
    <failure type="java.lang.NullPointerException" message="Cannot invoke &amp;quot;com.mobileService.MobileClientPage.clientsearchResult(String)&amp;quot; because &amp;quot;this.client&amp;quot; is null">
      <![CDATA[java.lang.NullPointerException: Cannot invoke "com.mobileService.MobileClientPage.clientsearchResult(String)" because "this.client" is null
at com.mobileTest.ClientTest.validateClientSerchResult(ClientTest.java:79)
at java.base/java.util.ArrayList.forEach(ArrayList.java:1511)
... Removed 27 stack frames]]>
    </failure>
  </testcase> <!-- validateClientSerchResult -->
  <testcase classname="com.mobileTest.LoginTest" name="validateURL" time="0.066"/>
  <testcase classname="com.mobileTest.LoginTest" name="validateareUsernameAndPasswordFieldsDisplayed" time="0.282"/>
  <testcase classname="com.mobileTest.LoginTest" name="validateValidLogin" time="9.225"/>
  <testcase classname="com.mobileTest.AddClientTest" name="validateClientdetailsEmptySubmision" time="0.0">
    <ignored/>
  </testcase> <!-- validateClientdetailsEmptySubmision -->
  <testcase classname="com.mobileTest.POSTest" name="validatePOSpurchaseClearSale" time="0.0">
    <ignored/>
  </testcase> <!-- validatePOSpurchaseClearSale -->
  <testcase classname="com.mobileTest.HomeTest" name="validatadateEventMarker" time="0.0">
    <ignored/>
  </testcase> <!-- validatadateEventMarker -->
  <testcase classname="com.mobileTest.ClientTest" name="validateClientActionbuttons" time="0.0">
    <ignored/>
  </testcase> <!-- validateClientActionbuttons -->
  <testcase classname="com.mobileTest.AddClientTest" name="validateAddclientDetails" time="0.0">
    <ignored/>
  </testcase> <!-- validateAddclientDetails -->
  <testcase classname="com.mobileTest.ClientTest" name="validateClientpage" time="0.0">
    <ignored/>
  </testcase> <!-- validateClientpage -->
  <testcase classname="com.mobileTest.ClientTest" name="validateClientTablesize" time="0.0">
    <ignored/>
  </testcase> <!-- validateClientTablesize -->
  <testcase classname="com.mobileTest.POSTest" name="validatePOSfeilds" time="0.0">
    <ignored/>
  </testcase> <!-- validatePOSfeilds -->
  <testcase classname="com.mobileTest.HomeTest" name="validateEmptySMS" time="0.0">
    <ignored/>
  </testcase> <!-- validateEmptySMS -->
  <testcase classname="com.mobileTest.HomeTest" name="validateEventDelete" time="0.0">
    <ignored/>
  </testcase> <!-- validateEventDelete -->
  <testcase classname="com.mobileTest.HomeTest" name="validateUserDetailsDisplayed" time="0.0">
    <ignored/>
  </testcase> <!-- validateUserDetailsDisplayed -->
  <testcase classname="com.mobileTest.HomeTest" name="validateInvalidEmailidMessage" time="0.0">
    <ignored/>
  </testcase> <!-- validateInvalidEmailidMessage -->
  <testcase classname="com.mobileTest.AddClientTest" name="ValidateclientDelete" time="0.0">
    <ignored/>
  </testcase> <!-- ValidateclientDelete -->
  <testcase classname="com.mobileTest.ClientTest" name="validateClientAdd" time="0.0">
    <ignored/>
  </testcase> <!-- validateClientAdd -->
  <testcase classname="com.mobileTest.ClientTest" name="validateClientfields" time="0.0">
    <ignored/>
  </testcase> <!-- validateClientfields -->
  <testcase classname="com.mobileTest.HomeTest" name="validateMainNavigationFields" time="0.0">
    <ignored/>
  </testcase> <!-- validateMainNavigationFields -->
  <testcase classname="com.mobileTest.POSTest" name="validateProductAddedWithoutSelectclient" time="0.0">
    <ignored/>
  </testcase> <!-- validateProductAddedWithoutSelectclient -->
  <testcase classname="com.mobileTest.ClientTest" name="validateClientActionbuttonsWork" time="0.0">
    <ignored/>
  </testcase> <!-- validateClientActionbuttonsWork -->
  <testcase classname="com.mobileTest.HomeTest" name="validateHomePageFeilds" time="0.0">
    <ignored/>
  </testcase> <!-- validateHomePageFeilds -->
  <testcase classname="com.mobileTest.AddClientTest" name="validateAddClientFieldsDisplayed" time="0.0">
    <ignored/>
  </testcase> <!-- validateAddClientFieldsDisplayed -->
  <testcase classname="com.mobileTest.POSTest" name="validateSelectFeild" time="0.0">
    <ignored/>
  </testcase> <!-- validateSelectFeild -->
  <testcase classname="com.mobileTest.POSTest" name="validateProductAddeddisplayed" time="0.0">
    <ignored/>
  </testcase> <!-- validateProductAddeddisplayed -->
  <testcase classname="com.mobileTest.POSTest" name="validatePOSpurchase" time="0.0">
    <ignored/>
  </testcase> <!-- validatePOSpurchase -->
  <testcase classname="com.mobileTest.HomeTest" name="validatevalidEmailidMessage" time="0.0">
    <ignored/>
  </testcase> <!-- validatevalidEmailidMessage -->
  <testcase classname="com.mobileTest.HomeTest" name="validateSMSUsingDataProvider" time="0.0">
    <ignored/>
  </testcase> <!-- validateSMSUsingDataProvider -->
</testsuite> <!-- Mobile Sevice -->
