<?xml version="1.0" encoding="UTF-8"?>
<!-- Generated by org.testng.reporters.JUnitXMLReporter -->
<testsuite ignored="0" hostname="Jose" failures="0" tests="1" name="Test" time="14.455" errors="0" timestamp="2022-06-26T15:48:13 IST">
  <testcase classname="com.mobileTest.BaseTest" name="@BeforeTest launch" time="13.881">
    <failure type="java.lang.NullPointerException" message="Cannot invoke &amp;quot;java.io.FileInputStream.close()&amp;quot; because &amp;quot;fis&amp;quot; is null">
      <![CDATA[java.lang.NullPointerException: Cannot invoke "java.io.FileInputStream.close()" because "fis" is null
at com.propertyDataHandler.PropertyDataHandler.readPropertiesFile(PropertyDataHandler.java:28)
at com.mobileTest.BaseTest.launch(BaseTest.java:29)
... Removed 24 stack frames]]>
    </failure>
  </testcase> <!-- @BeforeTest launch -->
  <testcase classname="com.mobileTest.LoginTest" name="testURL" time="0.0">
    <skipped/>
  </testcase> <!-- testURL -->
</testsuite> <!-- Test -->
