<?xml version="1.0" encoding="UTF-8"?>
<testng-results ignored="1" total="11" passed="9" failed="1" skipped="0">
  <reporter-output>
  </reporter-output>
  <suite started-at="2022-06-30T23:50:00 IST" name="Default suite" finished-at="2022-06-30T23:50:43 IST" duration-ms="43379">
    <groups>
    </groups>
    <test started-at="2022-06-30T23:50:00 IST" name="Default test" finished-at="2022-06-30T23:50:43 IST" duration-ms="43379">
      <class name="com.mobileTest.HomeTest">
        <test-method is-config="true" signature="launch()[pri:0, instance:com.mobileTest.HomeTest@5b247367]" started-at="2022-06-30T23:50:00 IST" name="launch" finished-at="2022-06-30T23:50:29 IST" duration-ms="29056" status="PASS">
          <reporter-output>
          </reporter-output>
        </test-method> <!-- launch -->
        <test-method signature="validateURL()[pri:1, instance:com.mobileTest.HomeTest@5b247367]" started-at="2022-06-30T23:50:29 IST" name="validateURL" finished-at="2022-06-30T23:50:29 IST" duration-ms="53" status="PASS">
          <reporter-output>
          </reporter-output>
        </test-method> <!-- validateURL -->
        <test-method signature="validateareUsernameAndPasswordFieldsDisplayed()[pri:2, instance:com.mobileTest.HomeTest@5b247367]" started-at="2022-06-30T23:50:29 IST" name="validateareUsernameAndPasswordFieldsDisplayed" finished-at="2022-06-30T23:50:29 IST" duration-ms="291" status="PASS">
          <reporter-output>
          </reporter-output>
        </test-method> <!-- validateareUsernameAndPasswordFieldsDisplayed -->
        <test-method signature="validateValidLogin()[pri:3, instance:com.mobileTest.HomeTest@5b247367]" started-at="2022-06-30T23:50:29 IST" name="validateValidLogin" finished-at="2022-06-30T23:50:37 IST" duration-ms="8066" status="FAIL">
          <exception class="org.openqa.selenium.NoSuchElementException">
            <message>
              <![CDATA[no such element: Unable to locate element: {"method":"xpath","selector":"//input[@name="remember"]"}
  (Session info: chrome=103.0.5060.66)
For documentation on this error, please visit: https://selenium.dev/exceptions/#no_such_element
Build info: version: '4.1.4', revision: '535d840ee2'
System info: host: 'JOSE', ip: '192.168.38.164', os.name: 'Windows 10', os.arch: 'amd64', os.version: '10.0', java.version: '17.0.2'
Driver info: org.openqa.selenium.chrome.ChromeDriver
Command: [a915a54c146872ac99d97e51d5f8df76, findElement {using=xpath, value=//input[@name="remember"]}]
Capabilities {acceptInsecureCerts: false, browserName: chrome, browserVersion: 103.0.5060.66, chrome: {chromedriverVersion: 102.0.5005.61 (0e59bcc00cc4..., userDataDir: C:\Users\Jose.T\AppData\Loc...}, goog:chromeOptions: {debuggerAddress: localhost:62691}, javascriptEnabled: true, networkConnectionEnabled: false, pageLoadStrategy: normal, platform: WINDOWS, platformName: WINDOWS, proxy: Proxy(), se:cdp: ws://localhost:62691/devtoo..., se:cdpVersion: 103.0.5060.66, setWindowRect: true, strictFileInteractability: false, timeouts: {implicit: 0, pageLoad: 300000, script: 30000}, unhandledPromptBehavior: dismiss and notify, webauthn:extension:credBlob: true, webauthn:extension:largeBlob: true, webauthn:virtualAuthenticators: true}
Session ID: a915a54c146872ac99d97e51d5f8df76]]>
            </message>
            <full-stacktrace>
              <![CDATA[org.openqa.selenium.NoSuchElementException: no such element: Unable to locate element: {"method":"xpath","selector":"//input[@name="remember"]"}
  (Session info: chrome=103.0.5060.66)
For documentation on this error, please visit: https://selenium.dev/exceptions/#no_such_element
Build info: version: '4.1.4', revision: '535d840ee2'
System info: host: 'JOSE', ip: '192.168.38.164', os.name: 'Windows 10', os.arch: 'amd64', os.version: '10.0', java.version: '17.0.2'
Driver info: org.openqa.selenium.chrome.ChromeDriver
Command: [a915a54c146872ac99d97e51d5f8df76, findElement {using=xpath, value=//input[@name="remember"]}]
Capabilities {acceptInsecureCerts: false, browserName: chrome, browserVersion: 103.0.5060.66, chrome: {chromedriverVersion: 102.0.5005.61 (0e59bcc00cc4..., userDataDir: C:\Users\Jose.T\AppData\Loc...}, goog:chromeOptions: {debuggerAddress: localhost:62691}, javascriptEnabled: true, networkConnectionEnabled: false, pageLoadStrategy: normal, platform: WINDOWS, platformName: WINDOWS, proxy: Proxy(), se:cdp: ws://localhost:62691/devtoo..., se:cdpVersion: 103.0.5060.66, setWindowRect: true, strictFileInteractability: false, timeouts: {implicit: 0, pageLoad: 300000, script: 30000}, unhandledPromptBehavior: dismiss and notify, webauthn:extension:credBlob: true, webauthn:extension:largeBlob: true, webauthn:virtualAuthenticators: true}
Session ID: a915a54c146872ac99d97e51d5f8df76
at java.base/jdk.internal.reflect.NativeConstructorAccessorImpl.newInstance0(Native Method)
at java.base/jdk.internal.reflect.NativeConstructorAccessorImpl.newInstance(NativeConstructorAccessorImpl.java:77)
at java.base/jdk.internal.reflect.DelegatingConstructorAccessorImpl.newInstance(DelegatingConstructorAccessorImpl.java:45)
at java.base/java.lang.reflect.Constructor.newInstanceWithCaller(Constructor.java:499)
at java.base/java.lang.reflect.Constructor.newInstance(Constructor.java:480)
at org.openqa.selenium.remote.codec.w3c.W3CHttpResponseCodec.createException(W3CHttpResponseCodec.java:200)
at org.openqa.selenium.remote.codec.w3c.W3CHttpResponseCodec.decode(W3CHttpResponseCodec.java:133)
at org.openqa.selenium.remote.codec.w3c.W3CHttpResponseCodec.decode(W3CHttpResponseCodec.java:53)
at org.openqa.selenium.remote.HttpCommandExecutor.execute(HttpCommandExecutor.java:184)
at org.openqa.selenium.remote.service.DriverCommandExecutor.invokeExecute(DriverCommandExecutor.java:167)
at org.openqa.selenium.remote.service.DriverCommandExecutor.execute(DriverCommandExecutor.java:142)
at org.openqa.selenium.remote.RemoteWebDriver.execute(RemoteWebDriver.java:567)
at org.openqa.selenium.remote.ElementLocation$ElementFinder$2.findElement(ElementLocation.java:162)
at org.openqa.selenium.remote.ElementLocation.findElement(ElementLocation.java:60)
at org.openqa.selenium.remote.RemoteWebDriver.findElement(RemoteWebDriver.java:385)
at org.openqa.selenium.remote.RemoteWebDriver.findElement(RemoteWebDriver.java:377)
at org.openqa.selenium.support.pagefactory.DefaultElementLocator.findElement(DefaultElementLocator.java:70)
at org.openqa.selenium.support.pagefactory.internal.LocatingElementHandler.invoke(LocatingElementHandler.java:39)
at jdk.proxy2/jdk.proxy2.$Proxy10.getText(Unknown Source)
at com.mobileService.LoginPage.loginRemember(LoginPage.java:65)
at com.mobileTest.LoginTest.validateValidLogin(LoginTest.java:46)
at java.base/jdk.internal.reflect.NativeMethodAccessorImpl.invoke0(Native Method)
at java.base/jdk.internal.reflect.NativeMethodAccessorImpl.invoke(NativeMethodAccessorImpl.java:77)
at java.base/jdk.internal.reflect.DelegatingMethodAccessorImpl.invoke(DelegatingMethodAccessorImpl.java:43)
at java.base/java.lang.reflect.Method.invoke(Method.java:568)
at org.testng.internal.MethodInvocationHelper.invokeMethod(MethodInvocationHelper.java:133)
at org.testng.internal.TestInvoker.invokeMethod(TestInvoker.java:598)
at org.testng.internal.TestInvoker.invokeTestMethod(TestInvoker.java:173)
at org.testng.internal.MethodRunner.runInSequence(MethodRunner.java:46)
at org.testng.internal.TestInvoker$MethodInvocationAgent.invoke(TestInvoker.java:824)
at org.testng.internal.TestInvoker.invokeTestMethods(TestInvoker.java:146)
at org.testng.internal.TestMethodWorker.invokeTestMethods(TestMethodWorker.java:146)
at org.testng.internal.TestMethodWorker.run(TestMethodWorker.java:128)
at java.base/java.util.ArrayList.forEach(ArrayList.java:1511)
at org.testng.TestRunner.privateRun(TestRunner.java:794)
at org.testng.TestRunner.run(TestRunner.java:596)
at org.testng.SuiteRunner.runTest(SuiteRunner.java:377)
at org.testng.SuiteRunner.runSequentially(SuiteRunner.java:371)
at org.testng.SuiteRunner.privateRun(SuiteRunner.java:332)
at org.testng.SuiteRunner.run(SuiteRunner.java:276)
at org.testng.SuiteRunnerWorker.runSuite(SuiteRunnerWorker.java:53)
at org.testng.SuiteRunnerWorker.run(SuiteRunnerWorker.java:96)
at org.testng.TestNG.runSuitesSequentially(TestNG.java:1212)
at org.testng.TestNG.runSuitesLocally(TestNG.java:1134)
at org.testng.TestNG.runSuites(TestNG.java:1063)
at org.testng.TestNG.run(TestNG.java:1031)
at org.testng.remote.AbstractRemoteTestNG.run(AbstractRemoteTestNG.java:115)
at org.testng.remote.RemoteTestNG.initAndRun(RemoteTestNG.java:251)
at org.testng.remote.RemoteTestNG.main(RemoteTestNG.java:77)
]]>
            </full-stacktrace>
          </exception> <!-- org.openqa.selenium.NoSuchElementException -->
          <reporter-output>
          </reporter-output>
        </test-method> <!-- validateValidLogin -->
        <test-method signature="validateHomePageFeilds()[pri:5, instance:com.mobileTest.HomeTest@5b247367]" started-at="2022-06-30T23:50:37 IST" name="validateHomePageFeilds" finished-at="2022-06-30T23:50:38 IST" duration-ms="998" status="PASS">
          <reporter-output>
          </reporter-output>
        </test-method> <!-- validateHomePageFeilds -->
        <test-method signature="validateInvalidEmailidMessage()[pri:6, instance:com.mobileTest.HomeTest@5b247367]" started-at="2022-06-30T23:50:38 IST" name="validateInvalidEmailidMessage" finished-at="2022-06-30T23:50:40 IST" duration-ms="1516" status="PASS">
          <reporter-output>
          </reporter-output>
        </test-method> <!-- validateInvalidEmailidMessage -->
        <test-method signature="validatevalidEmailidMessage()[pri:7, instance:com.mobileTest.HomeTest@5b247367]" started-at="2022-06-30T23:50:40 IST" name="validatevalidEmailidMessage" finished-at="2022-06-30T23:50:41 IST" duration-ms="844" status="PASS">
          <reporter-output>
          </reporter-output>
        </test-method> <!-- validatevalidEmailidMessage -->
        <test-method signature="validateEmptySMS()[pri:8, instance:com.mobileTest.HomeTest@5b247367]" started-at="2022-06-30T23:50:41 IST" name="validateEmptySMS" finished-at="2022-06-30T23:50:41 IST" duration-ms="649" status="PASS">
          <reporter-output>
          </reporter-output>
        </test-method> <!-- validateEmptySMS -->
        <test-method signature="validateSMS()[pri:9, instance:com.mobileTest.HomeTest@5b247367]" started-at="2022-06-30T23:50:41 IST" name="validateSMS" finished-at="2022-06-30T23:50:42 IST" duration-ms="785" status="PASS">
          <reporter-output>
          </reporter-output>
        </test-method> <!-- validateSMS -->
        <test-method signature="validatadateEventMarker()[pri:10, instance:com.mobileTest.HomeTest@5b247367]" started-at="2022-06-30T23:50:42 IST" name="validatadateEventMarker" finished-at="2022-06-30T23:50:43 IST" duration-ms="510" status="PASS">
          <reporter-output>
          </reporter-output>
        </test-method> <!-- validatadateEventMarker -->
        <test-method signature="validateEventDelete()[pri:11, instance:com.mobileTest.HomeTest@5b247367]" started-at="2022-06-30T23:50:43 IST" name="validateEventDelete" finished-at="2022-06-30T23:50:43 IST" duration-ms="398" status="PASS">
          <reporter-output>
          </reporter-output>
        </test-method> <!-- validateEventDelete -->
      </class> <!-- com.mobileTest.HomeTest -->
    </test> <!-- Default test -->
  </suite> <!-- Default suite -->
</testng-results>
